# JRE version: Java(TM) SE Runtime Environment (8.0_191-b12) (build 1.8.0_191-b12)
# Java VM: Java HotSpot(TM) 64-Bit Server VM (25.191-b12 mixed mode linux-amd64 compressed oops)
Heap:
 PSYoungGen      total 328192K, used 71539K [0x00000000eab00000, 0x0000000100000000, 0x0000000100000000)
  eden space 305664K, 22% used [0x00000000eab00000,0x00000000eecf59e8,0x00000000fd580000)
  from space 22528K, 17% used [0x00000000fea00000,0x00000000fede73f0,0x0000000100000000)
  to   space 20992K, 0% used [0x00000000fd580000,0x00000000fd580000,0x00000000fea00000)
 ParOldGen       total 699392K, used 232206K [0x00000000c0000000, 0x00000000eab00000, 0x00000000eab00000)
  object space 699392K, 33% used [0x00000000c0000000,0x00000000ce2c3938,0x00000000eab00000)
 Metaspace       used 63748K, capacity 64410K, committed 64768K, reserved 1105920K
  class space    used 8128K, capacity 8340K, committed 8448K, reserved 1048576K
GC Heap History (10 events):
Event: 29.347 GC heap before
{Heap before GC invocations=47 (full 3):
 PSYoungGen      total 317952K, used 290545K [0x00000000eab00000, 0x0000000100000000, 0x0000000100000000)
  eden space 288256K, 100% used [0x00000000eab00000,0x00000000fc480000,0x00000000fc480000)
  from space 29696K, 7% used [0x00000000fc480000,0x00000000fc6bc7d0,0x00000000fe180000)
  to   space 28160K, 0% used [0x00000000fe480000,0x00000000fe480000,0x0000000100000000)
 ParOldGen       total 699392K, used 232182K [0x00000000c0000000, 0x00000000eab00000, 0x00000000eab00000)
  object space 699392K, 33% used [0x00000000c0000000,0x00000000ce2bd938,0x00000000eab00000)
 Metaspace       used 62950K, capacity 63654K, committed 63872K, reserved 1105920K
  class space    used 8062K, capacity 8294K, committed 8320K, reserved 1048576K
Event: 29.353 GC heap after
Heap after GC invocations=47 (full 3):
 PSYoungGen      total 322560K, used 2588K [0x00000000eab00000, 0x0000000100000000, 0x0000000100000000)
  eden space 294400K, 0% used [0x00000000eab00000,0x00000000eab00000,0x00000000fca80000)
  from space 28160K, 9% used [0x00000000fe480000,0x00000000fe7073f0,0x0000000100000000)
  to   space 26624K, 0% used [0x00000000fca80000,0x00000000fca80000,0x00000000fe480000)
 ParOldGen       total 699392K, used 232182K [0x00000000c0000000, 0x00000000eab00000, 0x00000000eab00000)
  object space 699392K, 33% used [0x00000000c0000000,0x00000000ce2bd938,0x00000000eab00000)
 Metaspace       used 62950K, capacity 63654K, committed 63872K, reserved 1105920K
  class space    used 8062K, capacity 8294K, committed 8320K, reserved 1048576K
}
Event: 30.167 GC heap before
{Heap before GC invocations=48 (full 3):
 PSYoungGen      total 322560K, used 296988K [0x00000000eab00000, 0x0000000100000000, 0x0000000100000000)
  eden space 294400K, 100% used [0x00000000eab00000,0x00000000fca80000,0x00000000fca80000)
  from space 28160K, 9% used [0x00000000fe480000,0x00000000fe7073f0,0x0000000100000000)
  to   space 26624K, 0% used [0x00000000fca80000,0x00000000fca80000,0x00000000fe480000)
 ParOldGen       total 699392K, used 232182K [0x00000000c0000000, 0x00000000eab00000, 0x00000000eab00000)
  object space 699392K, 33% used [0x00000000c0000000,0x00000000ce2bd938,0x00000000eab00000)
 Metaspace       used 62995K, capacity 63678K, committed 63872K, reserved 1105920K
  class space    used 8066K, capacity 8298K, committed 8320K, reserved 1048576K
Event: 30.172 GC heap after
Heap after GC invocations=48 (full 3):
 PSYoungGen      total 321024K, used 3020K [0x00000000eab00000, 0x0000000100000000, 0x0000000100000000)
  eden space 294400K, 0% used [0x00000000eab00000,0x00000000eab00000,0x00000000fca80000)
  from space 26624K, 11% used [0x00000000fca80000,0x00000000fcd731c0,0x00000000fe480000)
  to   space 25088K, 0% used [0x00000000fe780000,0x00000000fe780000,0x0000000100000000)
 ParOldGen       total 699392K, used 232190K [0x00000000c0000000, 0x00000000eab00000, 0x00000000eab00000)
  object space 699392K, 33% used [0x00000000c0000000,0x00000000ce2bf938,0x00000000eab00000)
 Metaspace       used 62995K, capacity 63678K, committed 63872K, reserved 1105920K
  class space    used 8066K, capacity 8298K, committed 8320K, reserved 1048576K
}
Event: 30.848 GC heap before
{Heap before GC invocations=49 (full 3):
 PSYoungGen      total 321024K, used 297420K [0x00000000eab00000, 0x0000000100000000, 0x0000000100000000)
  eden space 294400K, 100% used [0x00000000eab00000,0x00000000fca80000,0x00000000fca80000)
  from space 26624K, 11% used [0x00000000fca80000,0x00000000fcd731c0,0x00000000fe480000)
  to   space 25088K, 0% used [0x00000000fe780000,0x00000000fe780000,0x0000000100000000)
 ParOldGen       total 699392K, used 232190K [0x00000000c0000000, 0x00000000eab00000, 0x00000000eab00000)
  object space 699392K, 33% used [0x00000000c0000000,0x00000000ce2bf938,0x00000000eab00000)
 Metaspace       used 63041K, capacity 63748K, committed 63872K, reserved 1105920K
  class space    used 8068K, capacity 8299K, committed 8320K, reserved 1048576K
Event: 30.852 GC heap after
Heap after GC invocations=49 (full 3):
 PSYoungGen      total 325632K, used 2786K [0x00000000eab00000, 0x0000000100000000, 0x0000000100000000)
  eden space 300544K, 0% used [0x00000000eab00000,0x00000000eab00000,0x00000000fd080000)
  from space 25088K, 11% used [0x00000000fe780000,0x00000000fea38a00,0x0000000100000000)
  to   space 23552K, 0% used [0x00000000fd080000,0x00000000fd080000,0x00000000fe780000)
 ParOldGen       total 699392K, used 232198K [0x00000000c0000000, 0x00000000eab00000, 0x00000000eab00000)
  object space 699392K, 33% used [0x00000000c0000000,0x00000000ce2c1938,0x00000000eab00000)
 Metaspace       used 63041K, capacity 63748K, committed 63872K, reserved 1105920K
  class space    used 8068K, capacity 8299K, committed 8320K, reserved 1048576K
}
Event: 31.570 GC heap before
{Heap before GC invocations=50 (full 3):
 PSYoungGen      total 325632K, used 303330K [0x00000000eab00000, 0x0000000100000000, 0x0000000100000000)
  eden space 300544K, 100% used [0x00000000eab00000,0x00000000fd080000,0x00000000fd080000)
  from space 25088K, 11% used [0x00000000fe780000,0x00000000fea38a00,0x0000000100000000)
  to   space 23552K, 0% used [0x00000000fd080000,0x00000000fd080000,0x00000000fe780000)
 ParOldGen       total 699392K, used 232198K [0x00000000c0000000, 0x00000000eab00000, 0x00000000eab00000)
  object space 699392K, 33% used [0x00000000c0000000,0x00000000ce2c1938,0x00000000eab00000)
 Metaspace       used 63085K, capacity 63766K, committed 63872K, reserved 1105920K
  class space    used 8070K, capacity 8302K, committed 8320K, reserved 1048576K
Event: 31.574 GC heap after
Heap after GC invocations=50 (full 3):
 PSYoungGen      total 324096K, used 3311K [0x00000000eab00000, 0x0000000100000000, 0x0000000100000000)
  eden space 300544K, 0% used [0x00000000eab00000,0x00000000eab00000,0x00000000fd080000)
  from space 23552K, 14% used [0x00000000fd080000,0x00000000fd3bbcc8,0x00000000fe780000)
  to   space 22528K, 0% used [0x00000000fea00000,0x00000000fea00000,0x0000000100000000)
 ParOldGen       total 699392K, used 232198K [0x00000000c0000000, 0x00000000eab00000, 0x00000000eab00000)
  object space 699392K, 33% used [0x00000000c0000000,0x00000000ce2c1938,0x00000000eab00000)
 Metaspace       used 63085K, capacity 63766K, committed 63872K, reserved 1105920K
  class space    used 8070K, capacity 8302K, committed 8320K, reserved 1048576K
}
Event: 33.129 GC heap before
{Heap before GC invocations=51 (full 3):
 PSYoungGen      total 324096K, used 303855K [0x00000000eab00000, 0x0000000100000000, 0x0000000100000000)
  eden space 300544K, 100% used [0x00000000eab00000,0x00000000fd080000,0x00000000fd080000)
  from space 23552K, 14% used [0x00000000fd080000,0x00000000fd3bbcc8,0x00000000fe780000)
  to   space 22528K, 0% used [0x00000000fea00000,0x00000000fea00000,0x0000000100000000)
 ParOldGen       total 699392K, used 232198K [0x00000000c0000000, 0x00000000eab00000, 0x00000000eab00000)
  object space 699392K, 33% used [0x00000000c0000000,0x00000000ce2c1938,0x00000000eab00000)
 Metaspace       used 63694K, capacity 64386K, committed 64512K, reserved 1105920K
  class space    used 8121K, capacity 8336K, committed 8448K, reserved 1048576K
Event: 33.134 GC heap after
Heap after GC invocations=51 (full 3):
 PSYoungGen      total 328192K, used 3996K [0x00000000eab00000, 0x0000000100000000, 0x0000000100000000)
  eden space 305664K, 0% used [0x00000000eab00000,0x00000000eab00000,0x00000000fd580000)
  from space 22528K, 17% used [0x00000000fea00000,0x00000000fede73f0,0x0000000100000000)
  to   space 20992K, 0% used [0x00000000fd580000,0x00000000fd580000,0x00000000fea00000)
 ParOldGen       total 699392K, used 232206K [0x00000000c0000000, 0x00000000eab00000, 0x00000000eab00000)
  object space 699392K, 33% used [0x00000000c0000000,0x00000000ce2c3938,0x00000000eab00000)
 Metaspace       used 63694K, capacity 64386K, committed 64512K, reserved 1105920K
  class space    used 8121K, capacity 8336K, committed 8448K, reserved 1048576K
}

