# JRE version: Java(TM) SE Runtime Environment (8.0_191-b12) (build 1.8.0_191-b12)
# Java VM: Java HotSpot(TM) 64-Bit Server VM (25.191-b12 mixed mode linux-amd64 compressed oops)
Heap:
 PSYoungGen      total 311808K, used 255020K [0x00000000eab00000, 0x0000000100000000, 0x0000000100000000)
  eden space 272896K, 92% used [0x00000000eab00000,0x00000000fa041d38,0x00000000fb580000)
  from space 38912K, 9% used [0x00000000fda00000,0x00000000fddc93b0,0x0000000100000000)
  to   space 37376K, 0% used [0x00000000fb580000,0x00000000fb580000,0x00000000fda00000)
 ParOldGen       total 699392K, used 233777K [0x00000000c0000000, 0x00000000eab00000, 0x00000000eab00000)
  object space 699392K, 33% used [0x00000000c0000000,0x00000000ce44c530,0x00000000eab00000)
 Metaspace       used 60389K, capacity 61032K, committed 61272K, reserved 1103872K
  class space    used 7550K, capacity 7739K, committed 7808K, reserved 1048576K
GC Heap History (10 events):
Event: 20.823 GC heap before
{Heap before GC invocations=37 (full 3):
 PSYoungGen      total 305664K, used 10835K [0x00000000eab00000, 0x0000000100000000, 0x0000000100000000)
  eden space 259584K, 0% used [0x00000000eab00000,0x00000000eab00000,0x00000000fa880000)
  from space 46080K, 23% used [0x00000000fd300000,0x00000000fdd94ce8,0x0000000100000000)
  to   space 43520K, 0% used [0x00000000fa880000,0x00000000fa880000,0x00000000fd300000)
 ParOldGen       total 699392K, used 232677K [0x00000000c0000000, 0x00000000eab00000, 0x00000000eab00000)
  object space 699392K, 33% used [0x00000000c0000000,0x00000000ce339758,0x00000000eab00000)
 Metaspace       used 58299K, capacity 58792K, committed 58968K, reserved 1101824K
  class space    used 7263K, capacity 7428K, committed 7552K, reserved 1048576K
Event: 21.613 GC heap after
Heap after GC invocations=37 (full 3):
 PSYoungGen      total 305664K, used 0K [0x00000000eab00000, 0x0000000100000000, 0x0000000100000000)
  eden space 259584K, 0% used [0x00000000eab00000,0x00000000eab00000,0x00000000fa880000)
  from space 46080K, 0% used [0x00000000fd300000,0x00000000fd300000,0x0000000100000000)
  to   space 43520K, 0% used [0x00000000fa880000,0x00000000fa880000,0x00000000fd300000)
 ParOldGen       total 699392K, used 233745K [0x00000000c0000000, 0x00000000eab00000, 0x00000000eab00000)
  object space 699392K, 33% used [0x00000000c0000000,0x00000000ce444530,0x00000000eab00000)
 Metaspace       used 58299K, capacity 58792K, committed 58968K, reserved 1101824K
  class space    used 7263K, capacity 7428K, committed 7552K, reserved 1048576K
}
Event: 22.543 GC heap before
{Heap before GC invocations=38 (full 3):
 PSYoungGen      total 305664K, used 259584K [0x00000000eab00000, 0x0000000100000000, 0x0000000100000000)
  eden space 259584K, 100% used [0x00000000eab00000,0x00000000fa880000,0x00000000fa880000)
  from space 46080K, 0% used [0x00000000fd300000,0x00000000fd300000,0x0000000100000000)
  to   space 43520K, 0% used [0x00000000fa880000,0x00000000fa880000,0x00000000fd300000)
 ParOldGen       total 699392K, used 233745K [0x00000000c0000000, 0x00000000eab00000, 0x00000000eab00000)
  object space 699392K, 33% used [0x00000000c0000000,0x00000000ce444530,0x00000000eab00000)
 Metaspace       used 59789K, capacity 60246K, committed 60376K, reserved 1101824K
  class space    used 7516K, capacity 7665K, committed 7680K, reserved 1048576K
Event: 22.547 GC heap after
Heap after GC invocations=38 (full 3):
 PSYoungGen      total 303104K, used 5783K [0x00000000eab00000, 0x0000000100000000, 0x0000000100000000)
  eden space 259584K, 0% used [0x00000000eab00000,0x00000000eab00000,0x00000000fa880000)
  from space 43520K, 13% used [0x00000000fa880000,0x00000000fae25c00,0x00000000fd300000)
  to   space 41984K, 0% used [0x00000000fd700000,0x00000000fd700000,0x0000000100000000)
 ParOldGen       total 699392K, used 233753K [0x00000000c0000000, 0x00000000eab00000, 0x00000000eab00000)
  object space 699392K, 33% used [0x00000000c0000000,0x00000000ce446530,0x00000000eab00000)
 Metaspace       used 59789K, capacity 60246K, committed 60376K, reserved 1101824K
  class space    used 7516K, capacity 7665K, committed 7680K, reserved 1048576K
}
Event: 23.246 GC heap before
{Heap before GC invocations=39 (full 3):
 PSYoungGen      total 303104K, used 265367K [0x00000000eab00000, 0x0000000100000000, 0x0000000100000000)
  eden space 259584K, 100% used [0x00000000eab00000,0x00000000fa880000,0x00000000fa880000)
  from space 43520K, 13% used [0x00000000fa880000,0x00000000fae25c00,0x00000000fd300000)
  to   space 41984K, 0% used [0x00000000fd700000,0x00000000fd700000,0x0000000100000000)
 ParOldGen       total 699392K, used 233753K [0x00000000c0000000, 0x00000000eab00000, 0x00000000eab00000)
  object space 699392K, 33% used [0x00000000c0000000,0x00000000ce446530,0x00000000eab00000)
 Metaspace       used 59918K, capacity 60492K, committed 60632K, reserved 1101824K
  class space    used 7527K, capacity 7674K, committed 7680K, reserved 1048576K
Event: 23.250 GC heap after
Heap after GC invocations=39 (full 3):
 PSYoungGen      total 308736K, used 3847K [0x00000000eab00000, 0x0000000100000000, 0x0000000100000000)
  eden space 266752K, 0% used [0x00000000eab00000,0x00000000eab00000,0x00000000faf80000)
  from space 41984K, 9% used [0x00000000fd700000,0x00000000fdac1e28,0x0000000100000000)
  to   space 40448K, 0% used [0x00000000faf80000,0x00000000faf80000,0x00000000fd700000)
 ParOldGen       total 699392K, used 233761K [0x00000000c0000000, 0x00000000eab00000, 0x00000000eab00000)
  object space 699392K, 33% used [0x00000000c0000000,0x00000000ce448530,0x00000000eab00000)
 Metaspace       used 59918K, capacity 60492K, committed 60632K, reserved 1101824K
  class space    used 7527K, capacity 7674K, committed 7680K, reserved 1048576K
}
Event: 23.936 GC heap before
{Heap before GC invocations=40 (full 3):
 PSYoungGen      total 308736K, used 270599K [0x00000000eab00000, 0x0000000100000000, 0x0000000100000000)
  eden space 266752K, 100% used [0x00000000eab00000,0x00000000faf80000,0x00000000faf80000)
  from space 41984K, 9% used [0x00000000fd700000,0x00000000fdac1e28,0x0000000100000000)
  to   space 40448K, 0% used [0x00000000faf80000,0x00000000faf80000,0x00000000fd700000)
 ParOldGen       total 699392K, used 233761K [0x00000000c0000000, 0x00000000eab00000, 0x00000000eab00000)
  object space 699392K, 33% used [0x00000000c0000000,0x00000000ce448530,0x00000000eab00000)
 Metaspace       used 60078K, capacity 60692K, committed 61016K, reserved 1101824K
  class space    used 7534K, capacity 7686K, committed 7808K, reserved 1048576K
Event: 23.940 GC heap after
Heap after GC invocations=40 (full 3):
 PSYoungGen      total 307200K, used 5212K [0x00000000eab00000, 0x0000000100000000, 0x0000000100000000)
  eden space 266752K, 0% used [0x00000000eab00000,0x00000000eab00000,0x00000000faf80000)
  from space 40448K, 12% used [0x00000000faf80000,0x00000000fb497080,0x00000000fd700000)
  to   space 38912K, 0% used [0x00000000fda00000,0x00000000fda00000,0x0000000100000000)
 ParOldGen       total 699392K, used 233769K [0x00000000c0000000, 0x00000000eab00000, 0x00000000eab00000)
  object space 699392K, 33% used [0x00000000c0000000,0x00000000ce44a530,0x00000000eab00000)
 Metaspace       used 60078K, capacity 60692K, committed 61016K, reserved 1101824K
  class space    used 7534K, capacity 7686K, committed 7808K, reserved 1048576K
}
Event: 24.554 GC heap before
{Heap before GC invocations=41 (full 3):
 PSYoungGen      total 307200K, used 271964K [0x00000000eab00000, 0x0000000100000000, 0x0000000100000000)
  eden space 266752K, 100% used [0x00000000eab00000,0x00000000faf80000,0x00000000faf80000)
  from space 40448K, 12% used [0x00000000faf80000,0x00000000fb497080,0x00000000fd700000)
  to   space 38912K, 0% used [0x00000000fda00000,0x00000000fda00000,0x0000000100000000)
 ParOldGen       total 699392K, used 233769K [0x00000000c0000000, 0x00000000eab00000, 0x00000000eab00000)
  object space 699392K, 33% used [0x00000000c0000000,0x00000000ce44a530,0x00000000eab00000)
 Metaspace       used 60199K, capacity 60868K, committed 61016K, reserved 1101824K
  class space    used 7545K, capacity 7733K, committed 7808K, reserved 1048576K
Event: 24.558 GC heap after
Heap after GC invocations=41 (full 3):
 PSYoungGen      total 311808K, used 3876K [0x00000000eab00000, 0x0000000100000000, 0x0000000100000000)
  eden space 272896K, 0% used [0x00000000eab00000,0x00000000eab00000,0x00000000fb580000)
  from space 38912K, 9% used [0x00000000fda00000,0x00000000fddc93b0,0x0000000100000000)
  to   space 37376K, 0% used [0x00000000fb580000,0x00000000fb580000,0x00000000fda00000)
 ParOldGen       total 699392K, used 233777K [0x00000000c0000000, 0x00000000eab00000, 0x00000000eab00000)
  object space 699392K, 33% used [0x00000000c0000000,0x00000000ce44c530,0x00000000eab00000)
 Metaspace       used 60199K, capacity 60868K, committed 61016K, reserved 1101824K
  class space    used 7545K, capacity 7733K, committed 7808K, reserved 1048576K
}

